Using pre-set license
Built from '2020.3/staging' branch; Version is '2020.3.32f1 (12f8b0834f07) revision 1243312'; Using compiler version '192528614'; Build Type 'Release'
OS: 'Windows 10  (10.0.19044) 64bit Core' Language: 'es' Physical Memory: 32678 MB
BatchMode: 1, IsHumanControllingUs: 0, StartBugReporterOnCrash: 0, Is64bit: 1, IsPro: 0

COMMAND LINE ARGUMENTS:
C:\Program Files\Unity\Hub\Editor\2020.3.32f1\Editor\Unity.exe
-adb2
-batchMode
-noUpm
-name
AssetImportWorker0
-projectPath
D:/Proyectos Git hub/AR_Unir_Group
-logFile
Logs/AssetImportWorker0.log
-srvPort
61143
Successfully changed project path to: D:/Proyectos Git hub/AR_Unir_Group
D:/Proyectos Git hub/AR_Unir_Group
Using Asset Import Pipeline V2.
Refreshing native plugins compatible for Editor in 59.94 ms, found 9 plugins.
Preloading 1 native plugins for Editor in 2.00 ms.
Initialize engine version: 2020.3.32f1 (12f8b0834f07)
[Subsystems] Discovering subsystems at path C:/Program Files/Unity/Hub/Editor/2020.3.32f1/Editor/Data/Resources/UnitySubsystems
[Subsystems] Discovering subsystems at path D:/Proyectos Git hub/AR_Unir_Group/Assets
GfxDevice: creating device client; threaded=0
Direct3D:
    Version:  Direct3D 11.0 [level 11.1]
    Renderer: NVIDIA GeForce GTX 1660 Ti (ID=0x2191)
    Vendor:   
    VRAM:     5991 MB
    Driver:   27.21.14.6192
Initialize mono
Mono path[0] = 'C:/Program Files/Unity/Hub/Editor/2020.3.32f1/Editor/Data/Managed'
Mono path[1] = 'C:/Program Files/Unity/Hub/Editor/2020.3.32f1/Editor/Data/MonoBleedingEdge/lib/mono/unityjit'
Mono config path = 'C:/Program Files/Unity/Hub/Editor/2020.3.32f1/Editor/Data/MonoBleedingEdge/etc'
Using monoOptions --debugger-agent=transport=dt_socket,embedding=1,server=y,suspend=n,address=127.0.0.1:56084
Begin MonoManager ReloadAssembly
Registering precompiled unity dll's ...
Register platform support module: C:/Program Files/Unity/Hub/Editor/2020.3.32f1/Editor/Data/PlaybackEngines/WebGLSupport/UnityEditor.WebGL.Extensions.dll
Register platform support module: C:/Program Files/Unity/Hub/Editor/2020.3.32f1/Editor/Data/PlaybackEngines/WindowsStandaloneSupport/UnityEditor.WindowsStandalone.Extensions.dll
Registered in 0.003880 seconds.
Native extension for WindowsStandalone target not found
Native extension for WebGL target not found
Refreshing native plugins compatible for Editor in 58.01 ms, found 9 plugins.
Preloading 1 native plugins for Editor in 0.09 ms.
Mono: successfully reloaded assembly
- Completed reload, in  0.597 seconds
Domain Reload Profiling:
	ReloadAssembly (598ms)
		BeginReloadAssembly (74ms)
			ExecutionOrderSort (0ms)
			DisableScriptedObjects (0ms)
			BackupInstance (0ms)
			ReleaseScriptingObjects (0ms)
			CreateAndSetChildDomain (1ms)
		EndReloadAssembly (446ms)
			LoadAssemblies (71ms)
			RebuildTransferFunctionScriptingTraits (0ms)
			SetupTypeCache (139ms)
			ReleaseScriptCaches (0ms)
			RebuildScriptCaches (27ms)
			SetupLoadedEditorAssemblies (175ms)
				LogAssemblyErrors (0ms)
				InitializePlatformSupportModulesInManaged (5ms)
				SetLoadedEditorAssemblies (0ms)
				RefreshPlugins (58ms)
				BeforeProcessingInitializeOnLoad (13ms)
				ProcessInitializeOnLoadAttributes (75ms)
				ProcessInitializeOnLoadMethodAttributes (23ms)
				AfterProcessingInitializeOnLoad (0ms)
				EditorAssembliesLoaded (0ms)
			ExecutionOrderSort2 (0ms)
			AwakeInstancesAfterBackupRestoration (0ms)
Platform modules already initialized, skipping
Registering precompiled user dll's ...
Registered in 0.010482 seconds.
Begin MonoManager ReloadAssembly
Native extension for WindowsStandalone target not found
Native extension for WebGL target not found
Refreshing native plugins compatible for Editor in 57.32 ms, found 9 plugins.
Preloading 1 native plugins for Editor in 0.09 ms.
Mono: successfully reloaded assembly
- Completed reload, in  1.117 seconds
Domain Reload Profiling:
	ReloadAssembly (1118ms)
		BeginReloadAssembly (157ms)
			ExecutionOrderSort (0ms)
			DisableScriptedObjects (4ms)
			BackupInstance (0ms)
			ReleaseScriptingObjects (0ms)
			CreateAndSetChildDomain (19ms)
		EndReloadAssembly (891ms)
			LoadAssemblies (110ms)
			RebuildTransferFunctionScriptingTraits (0ms)
			SetupTypeCache (264ms)
			ReleaseScriptCaches (0ms)
			RebuildScriptCaches (45ms)
			SetupLoadedEditorAssemblies (361ms)
				LogAssemblyErrors (0ms)
				InitializePlatformSupportModulesInManaged (4ms)
				SetLoadedEditorAssemblies (0ms)
				RefreshPlugins (58ms)
				BeforeProcessingInitializeOnLoad (109ms)
				ProcessInitializeOnLoadAttributes (172ms)
				ProcessInitializeOnLoadMethodAttributes (8ms)
				AfterProcessingInitializeOnLoad (9ms)
				EditorAssembliesLoaded (0ms)
			ExecutionOrderSort2 (0ms)
			AwakeInstancesAfterBackupRestoration (6ms)
Platform modules already initialized, skipping
========================================================================
Worker process is ready to serve import requests
Launched and connected shader compiler UnityShaderCompiler.exe after 0.78 seconds
Refreshing native plugins compatible for Editor in 0.57 ms, found 9 plugins.
Preloading 1 native plugins for Editor in 0.08 ms.
Unloading 2264 Unused Serialized files (Serialized files now loaded: 0)
System memory in use before: 92.4 MB.
System memory in use after: 92.5 MB.

Unloading 19 unused Assets to reduce memory usage. Loaded Objects now: 2698.
Total: 2.877300 ms (FindLiveObjects: 0.158600 ms CreateObjectMapping: 0.066700 ms MarkObjects: 2.548100 ms  DeleteObjects: 0.103100 ms)

AssetImportParameters requested are different than current active one (requested -> active):
  custom:framework-win-MediaFoundation: 216162199b28c13a410421893ffa2e32 -> 
  custom:video-decoder-ogg-theora: a1e56fd34408186e4bbccfd4996cb3dc -> 
  custom:container-muxer-webm: aa71ff27fc2769a1b78a27578f13a17b -> 
  custom:container-demuxer-webm: 4f35f7cbe854078d1ac9338744f61a02 -> 
  custom:container-demuxer-ogg: 62fdf1f143b41e24485cea50d1cbac27 -> 
  custom:video-encoder-webm-vp8: eb34c28f22e8b96e1ab97ce403110664 -> 
  custom:video-codec-MediaFoundation-h265: 746d11721c4dcdbdad8f713fa42b33f4 -> 
  custom:video-decoder-webm-vp8: 9c59270c3fd7afecdb556c50c9e8de78 -> 
  custom:audio-decoder-ogg-vorbis: bf7c407c2cedff20999df2af8eb42d56 -> 
  custom:audio-encoder-webm-vorbis: bf7c407c2cedff20999df2af8eb42d56 -> 
========================================================================
Received Import Request.
  path: Assets/Images/Zombie_IMG.jpg
  artifactKey: Guid(d3570a41c8994fc45bfd2fe6a3a41745) Importer(815301076,1909f56bfc062723c751e8b465ee728b)
Start importing Assets/Images/Zombie_IMG.jpg using Guid(d3570a41c8994fc45bfd2fe6a3a41745) Importer(815301076,1909f56bfc062723c751e8b465ee728b)  -> (artifact id: '4c727204ee355b23022fe3bb926d1739') in 0.081421 seconds 
========================================================================
Received Import Request.
  Time since last request: 24.207409 seconds.
  path: Assets/Scenes
  artifactKey: Guid(fea2b03111fd44c01a102c644b335bab) Importer(815301076,1909f56bfc062723c751e8b465ee728b)
Start importing Assets/Scenes using Guid(fea2b03111fd44c01a102c644b335bab) Importer(815301076,1909f56bfc062723c751e8b465ee728b)  -> (artifact id: '2fc91e90ee53ff030de6dfea788dd010') in 0.004774 seconds 
========================================================================
Received Import Request.
  Time since last request: 1.579180 seconds.
  path: Assets/Scenes/Zombi_Card.unity
  artifactKey: Guid(e54bf7e04f126a043bae1321712da863) Importer(815301076,1909f56bfc062723c751e8b465ee728b)
Start importing Assets/Scenes/Zombi_Card.unity using Guid(e54bf7e04f126a043bae1321712da863) Importer(815301076,1909f56bfc062723c751e8b465ee728b)  -> (artifact id: 'c9506728913674e14ab596825db4ad6f') in 0.005343 seconds 
========================================================================
Received Import Request.
  Time since last request: 188.914199 seconds.
  path: Assets/3D_Objects/Escenario_Tumba.prefab
  artifactKey: Guid(214482ce3e246da41a391c3c2ada1eb2) Importer(815301076,1909f56bfc062723c751e8b465ee728b)
Start importing Assets/3D_Objects/Escenario_Tumba.prefab using Guid(214482ce3e246da41a391c3c2ada1eb2) Importer(815301076,1909f56bfc062723c751e8b465ee728b)  -> (artifact id: 'bd05c829df0aae418bb371dd5b19bb7d') in 0.936149 seconds 
========================================================================
Received Import Request.
  Time since last request: 19.888887 seconds.
  path: Assets/Scenes/Zombi_Card.unity
  artifactKey: Guid(e54bf7e04f126a043bae1321712da863) Importer(815301076,1909f56bfc062723c751e8b465ee728b)
Start importing Assets/Scenes/Zombi_Card.unity using Guid(e54bf7e04f126a043bae1321712da863) Importer(815301076,1909f56bfc062723c751e8b465ee728b)  -> (artifact id: 'f20bbf60048b30cd81fffe86e9c4806a') in 0.004443 seconds 
========================================================================
Received Import Request.
  Time since last request: 169.523173 seconds.
  path: Assets/3D_Objects/Escenario_Tumba 1.prefab
  artifactKey: Guid(92b1bfd46977d2146a2fcaf6bb804080) Importer(815301076,1909f56bfc062723c751e8b465ee728b)
Start importing Assets/3D_Objects/Escenario_Tumba 1.prefab using Guid(92b1bfd46977d2146a2fcaf6bb804080) Importer(815301076,1909f56bfc062723c751e8b465ee728b)  -> (artifact id: 'e42f51f93cbd560a6bc9bac9d7c3d18f') in 0.034899 seconds 
========================================================================
Received Import Request.
  Time since last request: 105.172421 seconds.
  path: Assets/3D_Objects/Tumba_esc.prefab
  artifactKey: Guid(92b1bfd46977d2146a2fcaf6bb804080) Importer(815301076,1909f56bfc062723c751e8b465ee728b)
Start importing Assets/3D_Objects/Tumba_esc.prefab using Guid(92b1bfd46977d2146a2fcaf6bb804080) Importer(815301076,1909f56bfc062723c751e8b465ee728b)  -> (artifact id: 'e01abb99c6a5d75e8f1af96811bee522') in 0.027146 seconds 
========================================================================
Received Import Request.
  Time since last request: 36.842936 seconds.
  path: Assets/Images
  artifactKey: Guid(67c18348692190a4bbf12a3a1a3c2677) Importer(815301076,1909f56bfc062723c751e8b465ee728b)
Start importing Assets/Images using Guid(67c18348692190a4bbf12a3a1a3c2677) Importer(815301076,1909f56bfc062723c751e8b465ee728b)  -> (artifact id: '66fb128c3301e2ae47e8033a4f1c0052') in 0.004455 seconds 
========================================================================
Received Prepare
Refreshing native plugins compatible for Editor in 3.59 ms, found 9 plugins.
Preloading 1 native plugins for Editor in 0.09 ms.
Unloading 11 Unused Serialized files (Serialized files now loaded: 0)
System memory in use before: 50.2 MB.
System memory in use after: 50.4 MB.

Unloading 10 unused Assets to reduce memory usage. Loaded Objects now: 2707.
Total: 3.820000 ms (FindLiveObjects: 0.190700 ms CreateObjectMapping: 0.078100 ms MarkObjects: 3.533000 ms  DeleteObjects: 0.017400 ms)

AssetImportParameters requested are different than current active one (requested -> active):
  custom:framework-win-MediaFoundation: 216162199b28c13a410421893ffa2e32 -> 
  custom:video-decoder-ogg-theora: a1e56fd34408186e4bbccfd4996cb3dc -> 
  custom:container-muxer-webm: aa71ff27fc2769a1b78a27578f13a17b -> 
  custom:container-demuxer-webm: 4f35f7cbe854078d1ac9338744f61a02 -> 
  custom:container-demuxer-ogg: 62fdf1f143b41e24485cea50d1cbac27 -> 
  custom:video-encoder-webm-vp8: eb34c28f22e8b96e1ab97ce403110664 -> 
  custom:video-codec-MediaFoundation-h265: 746d11721c4dcdbdad8f713fa42b33f4 -> 
  custom:video-decoder-webm-vp8: 9c59270c3fd7afecdb556c50c9e8de78 -> 
  custom:audio-decoder-ogg-vorbis: bf7c407c2cedff20999df2af8eb42d56 -> 
  custom:audio-encoder-webm-vorbis: bf7c407c2cedff20999df2af8eb42d56 -> 
========================================================================
Received Import Request.
  Time since last request: 458.417019 seconds.
  path: Assets/3D_Objects/Tumba_esc.prefab
  artifactKey: Guid(92b1bfd46977d2146a2fcaf6bb804080) Importer(815301076,1909f56bfc062723c751e8b465ee728b)
Start importing Assets/3D_Objects/Tumba_esc.prefab using Guid(92b1bfd46977d2146a2fcaf6bb804080) Importer(815301076,1909f56bfc062723c751e8b465ee728b)  -> (artifact id: '76afaed367cd614674c8d241055b6b48') in 0.026070 seconds 
========================================================================
Received Import Request.
  Time since last request: 31.252317 seconds.
  path: Assets/3D_Objects/Tumba_esc.prefab
  artifactKey: Guid(92b1bfd46977d2146a2fcaf6bb804080) Importer(815301076,1909f56bfc062723c751e8b465ee728b)
Start importing Assets/3D_Objects/Tumba_esc.prefab using Guid(92b1bfd46977d2146a2fcaf6bb804080) Importer(815301076,1909f56bfc062723c751e8b465ee728b)  -> (artifact id: 'a8b445f696207308a37e2109b8ce4505') in 0.029933 seconds 
========================================================================
Received Import Request.
  Time since last request: 5.929428 seconds.
  path: Assets/3D_Objects/Tumba_esc.prefab
  artifactKey: Guid(92b1bfd46977d2146a2fcaf6bb804080) Importer(815301076,1909f56bfc062723c751e8b465ee728b)
Start importing Assets/3D_Objects/Tumba_esc.prefab using Guid(92b1bfd46977d2146a2fcaf6bb804080) Importer(815301076,1909f56bfc062723c751e8b465ee728b)  -> (artifact id: '2ead03fa30e5d334052c2448f7cf181b') in 0.027687 seconds 
========================================================================
Received Prepare
Refreshing native plugins compatible for Editor in 3.75 ms, found 9 plugins.
Preloading 1 native plugins for Editor in 0.09 ms.
Unloading 10 Unused Serialized files (Serialized files now loaded: 0)
System memory in use before: 50.2 MB.
System memory in use after: 50.3 MB.

Unloading 10 unused Assets to reduce memory usage. Loaded Objects now: 2707.
Total: 3.733500 ms (FindLiveObjects: 0.193000 ms CreateObjectMapping: 0.080200 ms MarkObjects: 3.441300 ms  DeleteObjects: 0.018400 ms)

AssetImportParameters requested are different than current active one (requested -> active):
  custom:framework-win-MediaFoundation: 216162199b28c13a410421893ffa2e32 -> 
  custom:video-decoder-ogg-theora: a1e56fd34408186e4bbccfd4996cb3dc -> 
  custom:container-muxer-webm: aa71ff27fc2769a1b78a27578f13a17b -> 
  custom:container-demuxer-webm: 4f35f7cbe854078d1ac9338744f61a02 -> 
  custom:container-demuxer-ogg: 62fdf1f143b41e24485cea50d1cbac27 -> 
  custom:video-encoder-webm-vp8: eb34c28f22e8b96e1ab97ce403110664 -> 
  custom:video-codec-MediaFoundation-h265: 746d11721c4dcdbdad8f713fa42b33f4 -> 
  custom:video-decoder-webm-vp8: 9c59270c3fd7afecdb556c50c9e8de78 -> 
  custom:audio-decoder-ogg-vorbis: bf7c407c2cedff20999df2af8eb42d56 -> 
  custom:audio-encoder-webm-vorbis: bf7c407c2cedff20999df2af8eb42d56 -> 
========================================================================
Received Import Request.
  Time since last request: 209.034451 seconds.
  path: Assets/3D_Objects/Tumba_esc.prefab
  artifactKey: Guid(92b1bfd46977d2146a2fcaf6bb804080) Importer(815301076,1909f56bfc062723c751e8b465ee728b)
Start importing Assets/3D_Objects/Tumba_esc.prefab using Guid(92b1bfd46977d2146a2fcaf6bb804080) Importer(815301076,1909f56bfc062723c751e8b465ee728b)  -> (artifact id: 'cd66e5b6abb47a58798ce8a136d9a7f1') in 0.048128 seconds 
========================================================================
Received Import Request.
  Time since last request: 10.873079 seconds.
  path: Assets/3D_Objects/Tumba_esc.prefab
  artifactKey: Guid(92b1bfd46977d2146a2fcaf6bb804080) Importer(815301076,1909f56bfc062723c751e8b465ee728b)
Start importing Assets/3D_Objects/Tumba_esc.prefab using Guid(92b1bfd46977d2146a2fcaf6bb804080) Importer(815301076,1909f56bfc062723c751e8b465ee728b)  -> (artifact id: 'a2495564273a78d2f2a270f7461f0138') in 0.025480 seconds 
========================================================================
Received Import Request.
  Time since last request: 1.882864 seconds.
  path: Assets/3D_Objects/Tumba_esc.prefab
  artifactKey: Guid(92b1bfd46977d2146a2fcaf6bb804080) Importer(815301076,1909f56bfc062723c751e8b465ee728b)
Start importing Assets/3D_Objects/Tumba_esc.prefab using Guid(92b1bfd46977d2146a2fcaf6bb804080) Importer(815301076,1909f56bfc062723c751e8b465ee728b)  -> (artifact id: '09a511d3399ea99dbb1252ce468e3032') in 0.024110 seconds 
========================================================================
Received Import Request.
  Time since last request: 11.556288 seconds.
  path: Assets/3D_Objects/Tumba_esc.prefab
  artifactKey: Guid(92b1bfd46977d2146a2fcaf6bb804080) Importer(815301076,1909f56bfc062723c751e8b465ee728b)
Start importing Assets/3D_Objects/Tumba_esc.prefab using Guid(92b1bfd46977d2146a2fcaf6bb804080) Importer(815301076,1909f56bfc062723c751e8b465ee728b)  -> (artifact id: 'c7c96bcf20068b4fce22e2ad8f48ff0a') in 0.023762 seconds 
========================================================================
Received Import Request.
  Time since last request: 1.153500 seconds.
  path: Assets/3D_Objects/Tumba_esc.prefab
  artifactKey: Guid(92b1bfd46977d2146a2fcaf6bb804080) Importer(815301076,1909f56bfc062723c751e8b465ee728b)
Start importing Assets/3D_Objects/Tumba_esc.prefab using Guid(92b1bfd46977d2146a2fcaf6bb804080) Importer(815301076,1909f56bfc062723c751e8b465ee728b)  -> (artifact id: 'dd13b091af3326c96b73dd8aa50f7ff2') in 0.025459 seconds 
========================================================================
Received Import Request.
  Time since last request: 1.662214 seconds.
  path: Assets/3D_Objects/Tumba_esc.prefab
  artifactKey: Guid(92b1bfd46977d2146a2fcaf6bb804080) Importer(815301076,1909f56bfc062723c751e8b465ee728b)
Start importing Assets/3D_Objects/Tumba_esc.prefab using Guid(92b1bfd46977d2146a2fcaf6bb804080) Importer(815301076,1909f56bfc062723c751e8b465ee728b)  -> (artifact id: '32c4861c1d68084a8309c08a0e1e9d5b') in 0.023358 seconds 
========================================================================
Received Import Request.
  Time since last request: 8.359876 seconds.
  path: Assets/3D_Objects/Tumba_esc.prefab
  artifactKey: Guid(92b1bfd46977d2146a2fcaf6bb804080) Importer(815301076,1909f56bfc062723c751e8b465ee728b)
Start importing Assets/3D_Objects/Tumba_esc.prefab using Guid(92b1bfd46977d2146a2fcaf6bb804080) Importer(815301076,1909f56bfc062723c751e8b465ee728b)  -> (artifact id: 'e332305bafd84ecba70a2741c69f4652') in 0.029630 seconds 
========================================================================
Received Import Request.
  Time since last request: 36.691840 seconds.
  path: Assets/Scenes/BlankAR.unity
  artifactKey: Guid(6bdce89659816455b9f906fc62d19910) Importer(815301076,1909f56bfc062723c751e8b465ee728b)
Start importing Assets/Scenes/BlankAR.unity using Guid(6bdce89659816455b9f906fc62d19910) Importer(815301076,1909f56bfc062723c751e8b465ee728b)  -> (artifact id: '8f1d6d7f6ded53ca3c300827f4dac55d') in 0.004913 seconds 
========================================================================
Received Import Request.
  Time since last request: 6.422956 seconds.
  path: Assets/Scenes/Zombi_Card.unity
  artifactKey: Guid(e54bf7e04f126a043bae1321712da863) Importer(815301076,1909f56bfc062723c751e8b465ee728b)
Start importing Assets/Scenes/Zombi_Card.unity using Guid(e54bf7e04f126a043bae1321712da863) Importer(815301076,1909f56bfc062723c751e8b465ee728b)  -> (artifact id: 'f2e3acb365fdb5e850b136735ae51b45') in 0.032539 seconds 
========================================================================
Received Prepare
Refreshing native plugins compatible for Editor in 4.12 ms, found 9 plugins.
Preloading 1 native plugins for Editor in 0.08 ms.
Unloading 10 Unused Serialized files (Serialized files now loaded: 0)
System memory in use before: 50.2 MB.
System memory in use after: 50.4 MB.

Unloading 10 unused Assets to reduce memory usage. Loaded Objects now: 2707.
Total: 3.940400 ms (FindLiveObjects: 0.195400 ms CreateObjectMapping: 0.094100 ms MarkObjects: 3.632500 ms  DeleteObjects: 0.017600 ms)

AssetImportParameters requested are different than current active one (requested -> active):
  custom:framework-win-MediaFoundation: 216162199b28c13a410421893ffa2e32 -> 
  custom:video-decoder-ogg-theora: a1e56fd34408186e4bbccfd4996cb3dc -> 
  custom:container-muxer-webm: aa71ff27fc2769a1b78a27578f13a17b -> 
  custom:container-demuxer-webm: 4f35f7cbe854078d1ac9338744f61a02 -> 
  custom:container-demuxer-ogg: 62fdf1f143b41e24485cea50d1cbac27 -> 
  custom:video-encoder-webm-vp8: eb34c28f22e8b96e1ab97ce403110664 -> 
  custom:video-codec-MediaFoundation-h265: 746d11721c4dcdbdad8f713fa42b33f4 -> 
  custom:video-decoder-webm-vp8: 9c59270c3fd7afecdb556c50c9e8de78 -> 
  custom:audio-decoder-ogg-vorbis: bf7c407c2cedff20999df2af8eb42d56 -> 
  custom:audio-encoder-webm-vorbis: bf7c407c2cedff20999df2af8eb42d56 -> 
AssetImportWorkerClient::OnTransportError - code=2 error=End of file
